This file contains any messages produced by compilers while
running configure, to aid debugging if configure makes a mistake.

It was created by Poller configure 0.1, which was
generated by GNU Autoconf 2.68.  Invocation command line was

  $ ./configure 

## --------- ##
## Platform. ##
## --------- ##

hostname = lenovo
uname -m = x86_64
uname -r = 3.8.10-1-ARCH
uname -s = Linux
uname -v = #1 SMP PREEMPT Sat Apr 27 12:36:59 CEST 2013

/usr/bin/uname -p = unknown
/bin/uname -X     = unknown

/bin/arch              = unknown
/usr/bin/arch -k       = unknown
/usr/convex/getsysinfo = unknown
/usr/bin/hostinfo      = unknown
/bin/machine           = unknown
/usr/bin/oslevel       = unknown
/bin/universe          = unknown

PATH: /usr/local/bin
PATH: /usr/bin
PATH: /bin
PATH: /usr/local/sbin
PATH: /usr/sbin
PATH: /sbin
PATH: /usr/bin/core_perl


## ----------- ##
## Core tests. ##
## ----------- ##

configure:2283: checking for g++
configure:2299: found /usr/bin/g++
configure:2310: result: g++
configure:2337: checking for C++ compiler version
configure:2346: g++ --version >&5
g++ (GCC) 4.8.0 20130425 (prerelease)
Copyright (C) 2013 Free Software Foundation, Inc.
This is free software; see the source for copying conditions.  There is NO
warranty; not even for MERCHANTABILITY or FITNESS FOR A PARTICULAR PURPOSE.

configure:2357: $? = 0
configure:2346: g++ -v >&5
Using built-in specs.
COLLECT_GCC=g++
COLLECT_LTO_WRAPPER=/usr/lib/gcc/x86_64-unknown-linux-gnu/4.8.0/lto-wrapper
Target: x86_64-unknown-linux-gnu
Configured with: /build/src/gcc-4.8-20130425/configure --prefix=/usr --libdir=/usr/lib --libexecdir=/usr/lib --mandir=/usr/share/man --infodir=/usr/share/info --with-bugurl=https://bugs.archlinux.org/ --enable-languages=c,c++,ada,fortran,go,lto,objc,obj-c++ --enable-shared --enable-threads=posix --with-system-zlib --enable-__cxa_atexit --disable-libunwind-exceptions --enable-clocale=gnu --disable-libstdcxx-pch --enable-gnu-unique-object --enable-linker-build-id --enable-cloog-backend=isl --disable-cloog-version-check --enable-lto --enable-gold --enable-ld=default --enable-plugin --with-plugin-ld=ld.gold --with-linker-hash-style=gnu --disable-install-libiberty --disable-multilib --disable-libssp --disable-werror --enable-checking=release
Thread model: posix
gcc version 4.8.0 20130425 (prerelease) (GCC) 
configure:2357: $? = 0
configure:2346: g++ -V >&5
g++: error: unrecognized command line option '-V'
g++: fatal error: no input files
compilation terminated.
configure:2357: $? = 1
configure:2346: g++ -qversion >&5
g++: error: unrecognized command line option '-qversion'
g++: fatal error: no input files
compilation terminated.
configure:2357: $? = 1
configure:2377: checking whether the C++ compiler works
configure:2399: g++    conftest.cpp  >&5
configure:2403: $? = 0
configure:2451: result: yes
configure:2454: checking for C++ compiler default output file name
configure:2456: result: a.out
configure:2462: checking for suffix of executables
configure:2469: g++ -o conftest    conftest.cpp  >&5
configure:2473: $? = 0
configure:2495: result: 
configure:2517: checking whether we are cross compiling
configure:2525: g++ -o conftest    conftest.cpp  >&5
configure:2529: $? = 0
configure:2536: ./conftest
configure:2540: $? = 0
configure:2555: result: no
configure:2560: checking for suffix of object files
configure:2582: g++ -c   conftest.cpp >&5
configure:2586: $? = 0
configure:2607: result: o
configure:2611: checking whether we are using the GNU C++ compiler
configure:2630: g++ -c   conftest.cpp >&5
configure:2630: $? = 0
configure:2639: result: yes
configure:2648: checking whether g++ accepts -g
configure:2668: g++ -c -g  conftest.cpp >&5
configure:2668: $? = 0
configure:2709: result: yes
configure:2780: checking for gcc
configure:2796: found /usr/bin/gcc
configure:2807: result: gcc
configure:3036: checking for C compiler version
configure:3045: gcc --version >&5
gcc (GCC) 4.8.0 20130425 (prerelease)
Copyright (C) 2013 Free Software Foundation, Inc.
This is free software; see the source for copying conditions.  There is NO
warranty; not even for MERCHANTABILITY or FITNESS FOR A PARTICULAR PURPOSE.

configure:3056: $? = 0
configure:3045: gcc -v >&5
Using built-in specs.
COLLECT_GCC=gcc
COLLECT_LTO_WRAPPER=/usr/lib/gcc/x86_64-unknown-linux-gnu/4.8.0/lto-wrapper
Target: x86_64-unknown-linux-gnu
Configured with: /build/src/gcc-4.8-20130425/configure --prefix=/usr --libdir=/usr/lib --libexecdir=/usr/lib --mandir=/usr/share/man --infodir=/usr/share/info --with-bugurl=https://bugs.archlinux.org/ --enable-languages=c,c++,ada,fortran,go,lto,objc,obj-c++ --enable-shared --enable-threads=posix --with-system-zlib --enable-__cxa_atexit --disable-libunwind-exceptions --enable-clocale=gnu --disable-libstdcxx-pch --enable-gnu-unique-object --enable-linker-build-id --enable-cloog-backend=isl --disable-cloog-version-check --enable-lto --enable-gold --enable-ld=default --enable-plugin --with-plugin-ld=ld.gold --with-linker-hash-style=gnu --disable-install-libiberty --disable-multilib --disable-libssp --disable-werror --enable-checking=release
Thread model: posix
gcc version 4.8.0 20130425 (prerelease) (GCC) 
configure:3056: $? = 0
configure:3045: gcc -V >&5
gcc: error: unrecognized command line option '-V'
gcc: fatal error: no input files
compilation terminated.
configure:3056: $? = 1
configure:3045: gcc -qversion >&5
gcc: error: unrecognized command line option '-qversion'
gcc: fatal error: no input files
compilation terminated.
configure:3056: $? = 1
configure:3060: checking whether we are using the GNU C compiler
configure:3079: gcc -c   conftest.c >&5
configure:3079: $? = 0
configure:3088: result: yes
configure:3097: checking whether gcc accepts -g
configure:3117: gcc -c -g  conftest.c >&5
configure:3117: $? = 0
configure:3158: result: yes
configure:3175: checking for gcc option to accept ISO C89
configure:3239: gcc  -c -g -O2  conftest.c >&5
configure:3239: $? = 0
configure:3252: result: none needed
configure:3272: checking whether make sets $(MAKE)
configure:3294: result: yes
configure:3305: checking whether ln -s works
configure:3309: result: yes
configure:3359: checking for ranlib
configure:3375: found /usr/bin/ranlib
configure:3386: result: ranlib
configure:3416: checking how to run the C preprocessor
configure:3447: gcc -E  conftest.c
configure:3447: $? = 0
configure:3461: gcc -E  conftest.c
conftest.c:9:28: fatal error: ac_nonexistent.h: No such file or directory
 #include <ac_nonexistent.h>
                            ^
compilation terminated.
configure:3461: $? = 1
configure: failed program was:
| /* confdefs.h */
| #define PACKAGE_NAME "Poller"
| #define PACKAGE_TARNAME "poller"
| #define PACKAGE_VERSION "0.1"
| #define PACKAGE_STRING "Poller 0.1"
| #define PACKAGE_BUGREPORT "strizhov@netsec.colostate.edu"
| #define PACKAGE_URL ""
| /* end confdefs.h.  */
| #include <ac_nonexistent.h>
configure:3486: result: gcc -E
configure:3506: gcc -E  conftest.c
configure:3506: $? = 0
configure:3520: gcc -E  conftest.c
conftest.c:9:28: fatal error: ac_nonexistent.h: No such file or directory
 #include <ac_nonexistent.h>
                            ^
compilation terminated.
configure:3520: $? = 1
configure: failed program was:
| /* confdefs.h */
| #define PACKAGE_NAME "Poller"
| #define PACKAGE_TARNAME "poller"
| #define PACKAGE_VERSION "0.1"
| #define PACKAGE_STRING "Poller 0.1"
| #define PACKAGE_BUGREPORT "strizhov@netsec.colostate.edu"
| #define PACKAGE_URL ""
| /* end confdefs.h.  */
| #include <ac_nonexistent.h>
configure:3549: checking for grep that handles long lines and -e
configure:3607: result: /usr/bin/grep
configure:3612: checking for egrep
configure:3674: result: /usr/bin/grep -E
configure:3679: checking for ANSI C header files
configure:3699: gcc -c -g -O2  conftest.c >&5
configure:3699: $? = 0
configure:3772: gcc -o conftest -g -O2   conftest.c  >&5
configure:3772: $? = 0
configure:3772: ./conftest
configure:3772: $? = 0
configure:3783: result: yes
configure:3796: checking for sys/types.h
configure:3796: gcc -c -g -O2  conftest.c >&5
configure:3796: $? = 0
configure:3796: result: yes
configure:3796: checking for sys/stat.h
configure:3796: gcc -c -g -O2  conftest.c >&5
configure:3796: $? = 0
configure:3796: result: yes
configure:3796: checking for stdlib.h
configure:3796: gcc -c -g -O2  conftest.c >&5
configure:3796: $? = 0
configure:3796: result: yes
configure:3796: checking for string.h
configure:3796: gcc -c -g -O2  conftest.c >&5
configure:3796: $? = 0
configure:3796: result: yes
configure:3796: checking for memory.h
configure:3796: gcc -c -g -O2  conftest.c >&5
configure:3796: $? = 0
configure:3796: result: yes
configure:3796: checking for strings.h
configure:3796: gcc -c -g -O2  conftest.c >&5
configure:3796: $? = 0
configure:3796: result: yes
configure:3796: checking for inttypes.h
configure:3796: gcc -c -g -O2  conftest.c >&5
configure:3796: $? = 0
configure:3796: result: yes
configure:3796: checking for stdint.h
configure:3796: gcc -c -g -O2  conftest.c >&5
configure:3796: $? = 0
configure:3796: result: yes
configure:3796: checking for unistd.h
configure:3796: gcc -c -g -O2  conftest.c >&5
configure:3796: $? = 0
configure:3796: result: yes
configure:3808: checking for stdbool.h that conforms to C99
configure:3875: gcc -c -g -O2  conftest.c >&5
configure:3875: $? = 0
configure:3882: result: yes
configure:3884: checking for _Bool
configure:3884: gcc -c -g -O2  conftest.c >&5
configure:3884: $? = 0
configure:3884: gcc -c -g -O2  conftest.c >&5
conftest.c: In function 'main':
conftest.c:55:20: error: expected expression before ')' token
 if (sizeof ((_Bool)))
                    ^
configure:3884: $? = 1
configure: failed program was:
| /* confdefs.h */
| #define PACKAGE_NAME "Poller"
| #define PACKAGE_TARNAME "poller"
| #define PACKAGE_VERSION "0.1"
| #define PACKAGE_STRING "Poller 0.1"
| #define PACKAGE_BUGREPORT "strizhov@netsec.colostate.edu"
| #define PACKAGE_URL ""
| #define STDC_HEADERS 1
| #define HAVE_SYS_TYPES_H 1
| #define HAVE_SYS_STAT_H 1
| #define HAVE_STDLIB_H 1
| #define HAVE_STRING_H 1
| #define HAVE_MEMORY_H 1
| #define HAVE_STRINGS_H 1
| #define HAVE_INTTYPES_H 1
| #define HAVE_STDINT_H 1
| #define HAVE_UNISTD_H 1
| /* end confdefs.h.  */
| #include <stdio.h>
| #ifdef HAVE_SYS_TYPES_H
| # include <sys/types.h>
| #endif
| #ifdef HAVE_SYS_STAT_H
| # include <sys/stat.h>
| #endif
| #ifdef STDC_HEADERS
| # include <stdlib.h>
| # include <stddef.h>
| #else
| # ifdef HAVE_STDLIB_H
| #  include <stdlib.h>
| # endif
| #endif
| #ifdef HAVE_STRING_H
| # if !defined STDC_HEADERS && defined HAVE_MEMORY_H
| #  include <memory.h>
| # endif
| # include <string.h>
| #endif
| #ifdef HAVE_STRINGS_H
| # include <strings.h>
| #endif
| #ifdef HAVE_INTTYPES_H
| # include <inttypes.h>
| #endif
| #ifdef HAVE_STDINT_H
| # include <stdint.h>
| #endif
| #ifdef HAVE_UNISTD_H
| # include <unistd.h>
| #endif
| int
| main ()
| {
| if (sizeof ((_Bool)))
| 	    return 0;
|   ;
|   return 0;
| }
configure:3884: result: yes
configure:3900: checking whether time.h and sys/time.h may both be included
configure:3920: gcc -c -g -O2  conftest.c >&5
configure:3920: $? = 0
configure:3927: result: yes
configure:3935: checking for an ANSI C-conforming const
configure:4000: gcc -c -g -O2  conftest.c >&5
configure:4000: $? = 0
configure:4007: result: yes
configure:4015: checking for inline
configure:4031: gcc -c -g -O2  conftest.c >&5
configure:4031: $? = 0
configure:4039: result: inline
configure:4060: checking arpa/inet.h usability
configure:4060: gcc -c -g -O2  conftest.c >&5
configure:4060: $? = 0
configure:4060: result: yes
configure:4060: checking arpa/inet.h presence
configure:4060: gcc -E  conftest.c
configure:4060: $? = 0
configure:4060: result: yes
configure:4060: checking for arpa/inet.h
configure:4060: result: yes
configure:4060: checking fcntl.h usability
configure:4060: gcc -c -g -O2  conftest.c >&5
configure:4060: $? = 0
configure:4060: result: yes
configure:4060: checking fcntl.h presence
configure:4060: gcc -E  conftest.c
configure:4060: $? = 0
configure:4060: result: yes
configure:4060: checking for fcntl.h
configure:4060: result: yes
configure:4060: checking limits.h usability
configure:4060: gcc -c -g -O2  conftest.c >&5
configure:4060: $? = 0
configure:4060: result: yes
configure:4060: checking limits.h presence
configure:4060: gcc -E  conftest.c
configure:4060: $? = 0
configure:4060: result: yes
configure:4060: checking for limits.h
configure:4060: result: yes
configure:4060: checking netdb.h usability
configure:4060: gcc -c -g -O2  conftest.c >&5
configure:4060: $? = 0
configure:4060: result: yes
configure:4060: checking netdb.h presence
configure:4060: gcc -E  conftest.c
configure:4060: $? = 0
configure:4060: result: yes
configure:4060: checking for netdb.h
configure:4060: result: yes
configure:4060: checking netinet/in.h usability
configure:4060: gcc -c -g -O2  conftest.c >&5
configure:4060: $? = 0
configure:4060: result: yes
configure:4060: checking netinet/in.h presence
configure:4060: gcc -E  conftest.c
configure:4060: $? = 0
configure:4060: result: yes
configure:4060: checking for netinet/in.h
configure:4060: result: yes
configure:4060: checking stddef.h usability
configure:4060: gcc -c -g -O2  conftest.c >&5
configure:4060: $? = 0
configure:4060: result: yes
configure:4060: checking stddef.h presence
configure:4060: gcc -E  conftest.c
configure:4060: $? = 0
configure:4060: result: yes
configure:4060: checking for stddef.h
configure:4060: result: yes
configure:4060: checking for stdlib.h
configure:4060: result: yes
configure:4060: checking for string.h
configure:4060: result: yes
configure:4060: checking sys/socket.h usability
configure:4060: gcc -c -g -O2  conftest.c >&5
configure:4060: $? = 0
configure:4060: result: yes
configure:4060: checking sys/socket.h presence
configure:4060: gcc -E  conftest.c
configure:4060: $? = 0
configure:4060: result: yes
configure:4060: checking for sys/socket.h
configure:4060: result: yes
configure:4060: checking sys/time.h usability
configure:4060: gcc -c -g -O2  conftest.c >&5
configure:4060: $? = 0
configure:4060: result: yes
configure:4060: checking sys/time.h presence
configure:4060: gcc -E  conftest.c
configure:4060: $? = 0
configure:4060: result: yes
configure:4060: checking for sys/time.h
configure:4060: result: yes
configure:4060: checking syslog.h usability
configure:4060: gcc -c -g -O2  conftest.c >&5
configure:4060: $? = 0
configure:4060: result: yes
configure:4060: checking syslog.h presence
configure:4060: gcc -E  conftest.c
configure:4060: $? = 0
configure:4060: result: yes
configure:4060: checking for syslog.h
configure:4060: result: yes
configure:4060: checking for unistd.h
configure:4060: result: yes
configure:4060: checking for stdint.h
configure:4060: result: yes
configure:4060: checking for string.h
configure:4060: result: yes
configure:4072: checking for pid_t
configure:4072: gcc -c -g -O2  conftest.c >&5
configure:4072: $? = 0
configure:4072: gcc -c -g -O2  conftest.c >&5
conftest.c: In function 'main':
conftest.c:72:20: error: expected expression before ')' token
 if (sizeof ((pid_t)))
                    ^
configure:4072: $? = 1
configure: failed program was:
| /* confdefs.h */
| #define PACKAGE_NAME "Poller"
| #define PACKAGE_TARNAME "poller"
| #define PACKAGE_VERSION "0.1"
| #define PACKAGE_STRING "Poller 0.1"
| #define PACKAGE_BUGREPORT "strizhov@netsec.colostate.edu"
| #define PACKAGE_URL ""
| #define STDC_HEADERS 1
| #define HAVE_SYS_TYPES_H 1
| #define HAVE_SYS_STAT_H 1
| #define HAVE_STDLIB_H 1
| #define HAVE_STRING_H 1
| #define HAVE_MEMORY_H 1
| #define HAVE_STRINGS_H 1
| #define HAVE_INTTYPES_H 1
| #define HAVE_STDINT_H 1
| #define HAVE_UNISTD_H 1
| #define HAVE__BOOL 1
| #define HAVE_STDBOOL_H 1
| #define TIME_WITH_SYS_TIME 1
| #define HAVE_ARPA_INET_H 1
| #define HAVE_FCNTL_H 1
| #define HAVE_LIMITS_H 1
| #define HAVE_NETDB_H 1
| #define HAVE_NETINET_IN_H 1
| #define HAVE_STDDEF_H 1
| #define HAVE_STDLIB_H 1
| #define HAVE_STRING_H 1
| #define HAVE_SYS_SOCKET_H 1
| #define HAVE_SYS_TIME_H 1
| #define HAVE_SYSLOG_H 1
| #define HAVE_UNISTD_H 1
| #define HAVE_STDINT_H 1
| #define HAVE_STRING_H 1
| /* end confdefs.h.  */
| #include <stdio.h>
| #ifdef HAVE_SYS_TYPES_H
| # include <sys/types.h>
| #endif
| #ifdef HAVE_SYS_STAT_H
| # include <sys/stat.h>
| #endif
| #ifdef STDC_HEADERS
| # include <stdlib.h>
| # include <stddef.h>
| #else
| # ifdef HAVE_STDLIB_H
| #  include <stdlib.h>
| # endif
| #endif
| #ifdef HAVE_STRING_H
| # if !defined STDC_HEADERS && defined HAVE_MEMORY_H
| #  include <memory.h>
| # endif
| # include <string.h>
| #endif
| #ifdef HAVE_STRINGS_H
| # include <strings.h>
| #endif
| #ifdef HAVE_INTTYPES_H
| # include <inttypes.h>
| #endif
| #ifdef HAVE_STDINT_H
| # include <stdint.h>
| #endif
| #ifdef HAVE_UNISTD_H
| # include <unistd.h>
| #endif
| int
| main ()
| {
| if (sizeof ((pid_t)))
| 	    return 0;
|   ;
|   return 0;
| }
configure:4072: result: yes
configure:4083: checking for size_t
configure:4083: gcc -c -g -O2  conftest.c >&5
configure:4083: $? = 0
configure:4083: gcc -c -g -O2  conftest.c >&5
conftest.c: In function 'main':
conftest.c:72:21: error: expected expression before ')' token
 if (sizeof ((size_t)))
                     ^
configure:4083: $? = 1
configure: failed program was:
| /* confdefs.h */
| #define PACKAGE_NAME "Poller"
| #define PACKAGE_TARNAME "poller"
| #define PACKAGE_VERSION "0.1"
| #define PACKAGE_STRING "Poller 0.1"
| #define PACKAGE_BUGREPORT "strizhov@netsec.colostate.edu"
| #define PACKAGE_URL ""
| #define STDC_HEADERS 1
| #define HAVE_SYS_TYPES_H 1
| #define HAVE_SYS_STAT_H 1
| #define HAVE_STDLIB_H 1
| #define HAVE_STRING_H 1
| #define HAVE_MEMORY_H 1
| #define HAVE_STRINGS_H 1
| #define HAVE_INTTYPES_H 1
| #define HAVE_STDINT_H 1
| #define HAVE_UNISTD_H 1
| #define HAVE__BOOL 1
| #define HAVE_STDBOOL_H 1
| #define TIME_WITH_SYS_TIME 1
| #define HAVE_ARPA_INET_H 1
| #define HAVE_FCNTL_H 1
| #define HAVE_LIMITS_H 1
| #define HAVE_NETDB_H 1
| #define HAVE_NETINET_IN_H 1
| #define HAVE_STDDEF_H 1
| #define HAVE_STDLIB_H 1
| #define HAVE_STRING_H 1
| #define HAVE_SYS_SOCKET_H 1
| #define HAVE_SYS_TIME_H 1
| #define HAVE_SYSLOG_H 1
| #define HAVE_UNISTD_H 1
| #define HAVE_STDINT_H 1
| #define HAVE_STRING_H 1
| /* end confdefs.h.  */
| #include <stdio.h>
| #ifdef HAVE_SYS_TYPES_H
| # include <sys/types.h>
| #endif
| #ifdef HAVE_SYS_STAT_H
| # include <sys/stat.h>
| #endif
| #ifdef STDC_HEADERS
| # include <stdlib.h>
| # include <stddef.h>
| #else
| # ifdef HAVE_STDLIB_H
| #  include <stdlib.h>
| # endif
| #endif
| #ifdef HAVE_STRING_H
| # if !defined STDC_HEADERS && defined HAVE_MEMORY_H
| #  include <memory.h>
| # endif
| # include <string.h>
| #endif
| #ifdef HAVE_STRINGS_H
| # include <strings.h>
| #endif
| #ifdef HAVE_INTTYPES_H
| # include <inttypes.h>
| #endif
| #ifdef HAVE_STDINT_H
| # include <stdint.h>
| #endif
| #ifdef HAVE_UNISTD_H
| # include <unistd.h>
| #endif
| int
| main ()
| {
| if (sizeof ((size_t)))
| 	    return 0;
|   ;
|   return 0;
| }
configure:4083: result: yes
configure:4094: checking for ssize_t
configure:4094: gcc -c -g -O2  conftest.c >&5
configure:4094: $? = 0
configure:4094: gcc -c -g -O2  conftest.c >&5
conftest.c: In function 'main':
conftest.c:72:22: error: expected expression before ')' token
 if (sizeof ((ssize_t)))
                      ^
configure:4094: $? = 1
configure: failed program was:
| /* confdefs.h */
| #define PACKAGE_NAME "Poller"
| #define PACKAGE_TARNAME "poller"
| #define PACKAGE_VERSION "0.1"
| #define PACKAGE_STRING "Poller 0.1"
| #define PACKAGE_BUGREPORT "strizhov@netsec.colostate.edu"
| #define PACKAGE_URL ""
| #define STDC_HEADERS 1
| #define HAVE_SYS_TYPES_H 1
| #define HAVE_SYS_STAT_H 1
| #define HAVE_STDLIB_H 1
| #define HAVE_STRING_H 1
| #define HAVE_MEMORY_H 1
| #define HAVE_STRINGS_H 1
| #define HAVE_INTTYPES_H 1
| #define HAVE_STDINT_H 1
| #define HAVE_UNISTD_H 1
| #define HAVE__BOOL 1
| #define HAVE_STDBOOL_H 1
| #define TIME_WITH_SYS_TIME 1
| #define HAVE_ARPA_INET_H 1
| #define HAVE_FCNTL_H 1
| #define HAVE_LIMITS_H 1
| #define HAVE_NETDB_H 1
| #define HAVE_NETINET_IN_H 1
| #define HAVE_STDDEF_H 1
| #define HAVE_STDLIB_H 1
| #define HAVE_STRING_H 1
| #define HAVE_SYS_SOCKET_H 1
| #define HAVE_SYS_TIME_H 1
| #define HAVE_SYSLOG_H 1
| #define HAVE_UNISTD_H 1
| #define HAVE_STDINT_H 1
| #define HAVE_STRING_H 1
| /* end confdefs.h.  */
| #include <stdio.h>
| #ifdef HAVE_SYS_TYPES_H
| # include <sys/types.h>
| #endif
| #ifdef HAVE_SYS_STAT_H
| # include <sys/stat.h>
| #endif
| #ifdef STDC_HEADERS
| # include <stdlib.h>
| # include <stddef.h>
| #else
| # ifdef HAVE_STDLIB_H
| #  include <stdlib.h>
| # endif
| #endif
| #ifdef HAVE_STRING_H
| # if !defined STDC_HEADERS && defined HAVE_MEMORY_H
| #  include <memory.h>
| # endif
| # include <string.h>
| #endif
| #ifdef HAVE_STRINGS_H
| # include <strings.h>
| #endif
| #ifdef HAVE_INTTYPES_H
| # include <inttypes.h>
| #endif
| #ifdef HAVE_STDINT_H
| # include <stdint.h>
| #endif
| #ifdef HAVE_UNISTD_H
| # include <unistd.h>
| #endif
| int
| main ()
| {
| if (sizeof ((ssize_t)))
| 	    return 0;
|   ;
|   return 0;
| }
configure:4094: result: yes
configure:4105: checking whether time.h and sys/time.h may both be included
configure:4132: result: yes
configure:4140: checking whether struct tm is in sys/time.h or time.h
configure:4160: gcc -c -g -O2  conftest.c >&5
configure:4160: $? = 0
configure:4167: result: time.h
configure:4175: checking for stdbool.h that conforms to C99
configure:4249: result: yes
configure:4251: checking for _Bool
configure:4251: result: yes
configure:4267: checking for uint32_t
configure:4267: gcc -c -g -O2  conftest.c >&5
configure:4267: $? = 0
configure:4267: result: yes
configure:4281: checking for uint8_t
configure:4281: gcc -c -g -O2  conftest.c >&5
configure:4281: $? = 0
configure:4281: result: yes
configure:4299: checking vfork.h usability
configure:4299: gcc -c -g -O2  conftest.c >&5
conftest.c:72:19: fatal error: vfork.h: No such file or directory
 #include <vfork.h>
                   ^
compilation terminated.
configure:4299: $? = 1
configure: failed program was:
| /* confdefs.h */
| #define PACKAGE_NAME "Poller"
| #define PACKAGE_TARNAME "poller"
| #define PACKAGE_VERSION "0.1"
| #define PACKAGE_STRING "Poller 0.1"
| #define PACKAGE_BUGREPORT "strizhov@netsec.colostate.edu"
| #define PACKAGE_URL ""
| #define STDC_HEADERS 1
| #define HAVE_SYS_TYPES_H 1
| #define HAVE_SYS_STAT_H 1
| #define HAVE_STDLIB_H 1
| #define HAVE_STRING_H 1
| #define HAVE_MEMORY_H 1
| #define HAVE_STRINGS_H 1
| #define HAVE_INTTYPES_H 1
| #define HAVE_STDINT_H 1
| #define HAVE_UNISTD_H 1
| #define HAVE__BOOL 1
| #define HAVE_STDBOOL_H 1
| #define TIME_WITH_SYS_TIME 1
| #define HAVE_ARPA_INET_H 1
| #define HAVE_FCNTL_H 1
| #define HAVE_LIMITS_H 1
| #define HAVE_NETDB_H 1
| #define HAVE_NETINET_IN_H 1
| #define HAVE_STDDEF_H 1
| #define HAVE_STDLIB_H 1
| #define HAVE_STRING_H 1
| #define HAVE_SYS_SOCKET_H 1
| #define HAVE_SYS_TIME_H 1
| #define HAVE_SYSLOG_H 1
| #define HAVE_UNISTD_H 1
| #define HAVE_STDINT_H 1
| #define HAVE_STRING_H 1
| #define TIME_WITH_SYS_TIME 1
| #define HAVE__BOOL 1
| #define HAVE_STDBOOL_H 1
| /* end confdefs.h.  */
| #include <stdio.h>
| #ifdef HAVE_SYS_TYPES_H
| # include <sys/types.h>
| #endif
| #ifdef HAVE_SYS_STAT_H
| # include <sys/stat.h>
| #endif
| #ifdef STDC_HEADERS
| # include <stdlib.h>
| # include <stddef.h>
| #else
| # ifdef HAVE_STDLIB_H
| #  include <stdlib.h>
| # endif
| #endif
| #ifdef HAVE_STRING_H
| # if !defined STDC_HEADERS && defined HAVE_MEMORY_H
| #  include <memory.h>
| # endif
| # include <string.h>
| #endif
| #ifdef HAVE_STRINGS_H
| # include <strings.h>
| #endif
| #ifdef HAVE_INTTYPES_H
| # include <inttypes.h>
| #endif
| #ifdef HAVE_STDINT_H
| # include <stdint.h>
| #endif
| #ifdef HAVE_UNISTD_H
| # include <unistd.h>
| #endif
| #include <vfork.h>
configure:4299: result: no
configure:4299: checking vfork.h presence
configure:4299: gcc -E  conftest.c
conftest.c:39:19: fatal error: vfork.h: No such file or directory
 #include <vfork.h>
                   ^
compilation terminated.
configure:4299: $? = 1
configure: failed program was:
| /* confdefs.h */
| #define PACKAGE_NAME "Poller"
| #define PACKAGE_TARNAME "poller"
| #define PACKAGE_VERSION "0.1"
| #define PACKAGE_STRING "Poller 0.1"
| #define PACKAGE_BUGREPORT "strizhov@netsec.colostate.edu"
| #define PACKAGE_URL ""
| #define STDC_HEADERS 1
| #define HAVE_SYS_TYPES_H 1
| #define HAVE_SYS_STAT_H 1
| #define HAVE_STDLIB_H 1
| #define HAVE_STRING_H 1
| #define HAVE_MEMORY_H 1
| #define HAVE_STRINGS_H 1
| #define HAVE_INTTYPES_H 1
| #define HAVE_STDINT_H 1
| #define HAVE_UNISTD_H 1
| #define HAVE__BOOL 1
| #define HAVE_STDBOOL_H 1
| #define TIME_WITH_SYS_TIME 1
| #define HAVE_ARPA_INET_H 1
| #define HAVE_FCNTL_H 1
| #define HAVE_LIMITS_H 1
| #define HAVE_NETDB_H 1
| #define HAVE_NETINET_IN_H 1
| #define HAVE_STDDEF_H 1
| #define HAVE_STDLIB_H 1
| #define HAVE_STRING_H 1
| #define HAVE_SYS_SOCKET_H 1
| #define HAVE_SYS_TIME_H 1
| #define HAVE_SYSLOG_H 1
| #define HAVE_UNISTD_H 1
| #define HAVE_STDINT_H 1
| #define HAVE_STRING_H 1
| #define TIME_WITH_SYS_TIME 1
| #define HAVE__BOOL 1
| #define HAVE_STDBOOL_H 1
| /* end confdefs.h.  */
| #include <vfork.h>
configure:4299: result: no
configure:4299: checking for vfork.h
configure:4299: result: no
configure:4312: checking for fork
configure:4312: gcc -o conftest -g -O2   conftest.c  >&5
conftest.c:62:6: warning: conflicting types for built-in function 'fork' [enabled by default]
 char fork ();
      ^
configure:4312: $? = 0
configure:4312: result: yes
configure:4312: checking for vfork
configure:4312: gcc -o conftest -g -O2   conftest.c  >&5
configure:4312: $? = 0
configure:4312: result: yes
configure:4322: checking for working fork
configure:4344: gcc -o conftest -g -O2   conftest.c  >&5
configure:4344: $? = 0
configure:4344: ./conftest
configure:4344: $? = 0
configure:4354: result: yes
configure:4375: checking for working vfork
configure:4485: result: yes
configure:4512: checking for stdlib.h
configure:4512: result: yes
configure:4522: checking for GNU libc compatible malloc
configure:4546: gcc -o conftest -g -O2   conftest.c  >&5
configure:4546: $? = 0
configure:4546: ./conftest
configure:4546: $? = 0
configure:4556: result: yes
configure:4577: checking for working memcmp
configure:4620: gcc -o conftest -g -O2   conftest.c  >&5
configure:4620: $? = 0
configure:4620: ./conftest
configure:4620: $? = 0
configure:4630: result: yes
configure:4641: checking for stdlib.h
configure:4641: result: yes
configure:4651: checking for GNU libc compatible realloc
configure:4675: gcc -o conftest -g -O2   conftest.c  >&5
configure:4675: $? = 0
configure:4675: ./conftest
configure:4675: $? = 0
configure:4685: result: yes
configure:4709: checking sys/select.h usability
configure:4709: gcc -c -g -O2  conftest.c >&5
configure:4709: $? = 0
configure:4709: result: yes
configure:4709: checking sys/select.h presence
configure:4709: gcc -E  conftest.c
configure:4709: $? = 0
configure:4709: result: yes
configure:4709: checking for sys/select.h
configure:4709: result: yes
configure:4709: checking for sys/socket.h
configure:4709: result: yes
configure:4719: checking types of arguments for select
configure:4747: gcc -c -g -O2  conftest.c >&5
configure:4747: $? = 0
configure:4758: result: int,fd_set *,struct timeval *
configure:4783: checking for strftime
configure:4783: gcc -o conftest -g -O2   conftest.c  >&5
conftest.c:75:6: warning: conflicting types for built-in function 'strftime' [enabled by default]
 char strftime ();
      ^
configure:4783: $? = 0
configure:4783: result: yes
configure:4838: checking for vprintf
configure:4838: gcc -o conftest -g -O2   conftest.c  >&5
conftest.c:76:6: warning: conflicting types for built-in function 'vprintf' [enabled by default]
 char vprintf ();
      ^
configure:4838: $? = 0
configure:4838: result: yes
configure:4844: checking for _doprnt
configure:4844: gcc -o conftest -g -O2   conftest.c  >&5
/tmp/ccfALFB6.o: In function `main':
/home/strizhov/NetSec/SVN-NETSEC/svnroot/projects/zonecop/trunk/Poller/conftest.c:88: undefined reference to `_doprnt'
collect2: error: ld returned 1 exit status
configure:4844: $? = 1
configure: failed program was:
| /* confdefs.h */
| #define PACKAGE_NAME "Poller"
| #define PACKAGE_TARNAME "poller"
| #define PACKAGE_VERSION "0.1"
| #define PACKAGE_STRING "Poller 0.1"
| #define PACKAGE_BUGREPORT "strizhov@netsec.colostate.edu"
| #define PACKAGE_URL ""
| #define STDC_HEADERS 1
| #define HAVE_SYS_TYPES_H 1
| #define HAVE_SYS_STAT_H 1
| #define HAVE_STDLIB_H 1
| #define HAVE_STRING_H 1
| #define HAVE_MEMORY_H 1
| #define HAVE_STRINGS_H 1
| #define HAVE_INTTYPES_H 1
| #define HAVE_STDINT_H 1
| #define HAVE_UNISTD_H 1
| #define HAVE__BOOL 1
| #define HAVE_STDBOOL_H 1
| #define TIME_WITH_SYS_TIME 1
| #define HAVE_ARPA_INET_H 1
| #define HAVE_FCNTL_H 1
| #define HAVE_LIMITS_H 1
| #define HAVE_NETDB_H 1
| #define HAVE_NETINET_IN_H 1
| #define HAVE_STDDEF_H 1
| #define HAVE_STDLIB_H 1
| #define HAVE_STRING_H 1
| #define HAVE_SYS_SOCKET_H 1
| #define HAVE_SYS_TIME_H 1
| #define HAVE_SYSLOG_H 1
| #define HAVE_UNISTD_H 1
| #define HAVE_STDINT_H 1
| #define HAVE_STRING_H 1
| #define TIME_WITH_SYS_TIME 1
| #define HAVE__BOOL 1
| #define HAVE_STDBOOL_H 1
| #define HAVE_FORK 1
| #define HAVE_VFORK 1
| #define HAVE_WORKING_VFORK 1
| #define HAVE_WORKING_FORK 1
| #define HAVE_STDLIB_H 1
| #define HAVE_MALLOC 1
| #define HAVE_STDLIB_H 1
| #define HAVE_REALLOC 1
| #define HAVE_SYS_SELECT_H 1
| #define HAVE_SYS_SOCKET_H 1
| #define SELECT_TYPE_ARG1 int
| #define SELECT_TYPE_ARG234 (fd_set *)
| #define SELECT_TYPE_ARG5 (struct timeval *)
| #define HAVE_STRFTIME 1
| #define HAVE_VPRINTF 1
| /* end confdefs.h.  */
| /* Define _doprnt to an innocuous variant, in case <limits.h> declares _doprnt.
|    For example, HP-UX 11i <limits.h> declares gettimeofday.  */
| #define _doprnt innocuous__doprnt
| 
| /* System header to define __stub macros and hopefully few prototypes,
|     which can conflict with char _doprnt (); below.
|     Prefer <limits.h> to <assert.h> if __STDC__ is defined, since
|     <limits.h> exists even on freestanding compilers.  */
| 
| #ifdef __STDC__
| # include <limits.h>
| #else
| # include <assert.h>
| #endif
| 
| #undef _doprnt
| 
| /* Override any GCC internal prototype to avoid an error.
|    Use char because int might match the return type of a GCC
|    builtin and then its argument prototype would still apply.  */
| #ifdef __cplusplus
| extern "C"
| #endif
| char _doprnt ();
| /* The GNU C library defines this for functions which it implements
|     to always fail with ENOSYS.  Some functions are actually named
|     something starting with __ and the normal name is an alias.  */
| #if defined __stub__doprnt || defined __stub____doprnt
| choke me
| #endif
| 
| int
| main ()
| {
| return _doprnt ();
|   ;
|   return 0;
| }
configure:4844: result: no
configure:4858: checking for memset
configure:4858: gcc -o conftest -g -O2   conftest.c  >&5
conftest.c:77:6: warning: conflicting types for built-in function 'memset' [enabled by default]
 char memset ();
      ^
configure:4858: $? = 0
configure:4858: result: yes
configure:4858: checking for setlocale
configure:4858: gcc -o conftest -g -O2   conftest.c  >&5
configure:4858: $? = 0
configure:4858: result: yes
configure:4858: checking for socket
configure:4858: gcc -o conftest -g -O2   conftest.c  >&5
configure:4858: $? = 0
configure:4858: result: yes
configure:4858: checking for strerror
configure:4858: gcc -o conftest -g -O2   conftest.c  >&5
configure:4858: $? = 0
configure:4858: result: yes
configure:4869: checking for pthread_create in -lpthread
configure:4894: gcc -o conftest -g -O2   conftest.c -lpthread   >&5
configure:4894: $? = 0
configure:4903: result: yes
configure:5086: creating ./config.status

## ---------------------- ##
## Running config.status. ##
## ---------------------- ##

This file was extended by Poller config.status 0.1, which was
generated by GNU Autoconf 2.68.  Invocation command line was

  CONFIG_FILES    = 
  CONFIG_HEADERS  = 
  CONFIG_LINKS    = 
  CONFIG_COMMANDS = 
  $ ./config.status 

on lenovo

config.status:746: creating Makefile

## ---------------- ##
## Cache variables. ##
## ---------------- ##

ac_cv_c_compiler_gnu=yes
ac_cv_c_const=yes
ac_cv_c_inline=inline
ac_cv_c_uint32_t=yes
ac_cv_c_uint8_t=yes
ac_cv_cxx_compiler_gnu=yes
ac_cv_env_CCC_set=
ac_cv_env_CCC_value=
ac_cv_env_CC_set=
ac_cv_env_CC_value=
ac_cv_env_CFLAGS_set=
ac_cv_env_CFLAGS_value=
ac_cv_env_CPPFLAGS_set=
ac_cv_env_CPPFLAGS_value=
ac_cv_env_CPP_set=
ac_cv_env_CPP_value=
ac_cv_env_CXXFLAGS_set=
ac_cv_env_CXXFLAGS_value=
ac_cv_env_CXX_set=
ac_cv_env_CXX_value=
ac_cv_env_LDFLAGS_set=
ac_cv_env_LDFLAGS_value=
ac_cv_env_LIBS_set=
ac_cv_env_LIBS_value=
ac_cv_env_build_alias_set=
ac_cv_env_build_alias_value=
ac_cv_env_host_alias_set=
ac_cv_env_host_alias_value=
ac_cv_env_target_alias_set=
ac_cv_env_target_alias_value=
ac_cv_func__doprnt=no
ac_cv_func_fork=yes
ac_cv_func_fork_works=yes
ac_cv_func_malloc_0_nonnull=yes
ac_cv_func_memcmp_working=yes
ac_cv_func_memset=yes
ac_cv_func_realloc_0_nonnull=yes
ac_cv_func_select_args='int,fd_set *,struct timeval *'
ac_cv_func_setlocale=yes
ac_cv_func_socket=yes
ac_cv_func_strerror=yes
ac_cv_func_strftime=yes
ac_cv_func_vfork=yes
ac_cv_func_vfork_works=yes
ac_cv_func_vprintf=yes
ac_cv_header_arpa_inet_h=yes
ac_cv_header_fcntl_h=yes
ac_cv_header_inttypes_h=yes
ac_cv_header_limits_h=yes
ac_cv_header_memory_h=yes
ac_cv_header_netdb_h=yes
ac_cv_header_netinet_in_h=yes
ac_cv_header_stdbool_h=yes
ac_cv_header_stdc=yes
ac_cv_header_stddef_h=yes
ac_cv_header_stdint_h=yes
ac_cv_header_stdlib_h=yes
ac_cv_header_string_h=yes
ac_cv_header_strings_h=yes
ac_cv_header_sys_select_h=yes
ac_cv_header_sys_socket_h=yes
ac_cv_header_sys_stat_h=yes
ac_cv_header_sys_time_h=yes
ac_cv_header_sys_types_h=yes
ac_cv_header_syslog_h=yes
ac_cv_header_time=yes
ac_cv_header_unistd_h=yes
ac_cv_header_vfork_h=no
ac_cv_lib_pthread_pthread_create=yes
ac_cv_objext=o
ac_cv_path_EGREP='/usr/bin/grep -E'
ac_cv_path_GREP=/usr/bin/grep
ac_cv_prog_CPP='gcc -E'
ac_cv_prog_ac_ct_CC=gcc
ac_cv_prog_ac_ct_CXX=g++
ac_cv_prog_ac_ct_RANLIB=ranlib
ac_cv_prog_cc_c89=
ac_cv_prog_cc_g=yes
ac_cv_prog_cxx_g=yes
ac_cv_prog_make_make_set=yes
ac_cv_struct_tm=time.h
ac_cv_type__Bool=yes
ac_cv_type_pid_t=yes
ac_cv_type_size_t=yes
ac_cv_type_ssize_t=yes

## ----------------- ##
## Output variables. ##
## ----------------- ##

CC='gcc'
CFLAGS='-g -O2'
CPP='gcc -E'
CPPFLAGS=''
CXX='g++'
CXXFLAGS='-g -O2'
DEFS='-DPACKAGE_NAME=\"Poller\" -DPACKAGE_TARNAME=\"poller\" -DPACKAGE_VERSION=\"0.1\" -DPACKAGE_STRING=\"Poller\ 0.1\" -DPACKAGE_BUGREPORT=\"strizhov@netsec.colostate.edu\" -DPACKAGE_URL=\"\" -DSTDC_HEADERS=1 -DHAVE_SYS_TYPES_H=1 -DHAVE_SYS_STAT_H=1 -DHAVE_STDLIB_H=1 -DHAVE_STRING_H=1 -DHAVE_MEMORY_H=1 -DHAVE_STRINGS_H=1 -DHAVE_INTTYPES_H=1 -DHAVE_STDINT_H=1 -DHAVE_UNISTD_H=1 -DHAVE__BOOL=1 -DHAVE_STDBOOL_H=1 -DTIME_WITH_SYS_TIME=1 -DHAVE_ARPA_INET_H=1 -DHAVE_FCNTL_H=1 -DHAVE_LIMITS_H=1 -DHAVE_NETDB_H=1 -DHAVE_NETINET_IN_H=1 -DHAVE_STDDEF_H=1 -DHAVE_STDLIB_H=1 -DHAVE_STRING_H=1 -DHAVE_SYS_SOCKET_H=1 -DHAVE_SYS_TIME_H=1 -DHAVE_SYSLOG_H=1 -DHAVE_UNISTD_H=1 -DHAVE_STDINT_H=1 -DHAVE_STRING_H=1 -DTIME_WITH_SYS_TIME=1 -DHAVE__BOOL=1 -DHAVE_STDBOOL_H=1 -DHAVE_FORK=1 -DHAVE_VFORK=1 -DHAVE_WORKING_VFORK=1 -DHAVE_WORKING_FORK=1 -DHAVE_STDLIB_H=1 -DHAVE_MALLOC=1 -DHAVE_STDLIB_H=1 -DHAVE_REALLOC=1 -DHAVE_SYS_SELECT_H=1 -DHAVE_SYS_SOCKET_H=1 -DSELECT_TYPE_ARG1=int -DSELECT_TYPE_ARG234=\(fd_set\ \*\) -DSELECT_TYPE_ARG5=\(struct\ timeval\ \*\) -DHAVE_STRFTIME=1 -DHAVE_VPRINTF=1 -DHAVE_MEMSET=1 -DHAVE_SETLOCALE=1 -DHAVE_SOCKET=1 -DHAVE_STRERROR=1 -DHAVE_LIBPTHREAD=1'
ECHO_C=''
ECHO_N='-n'
ECHO_T=''
EGREP='/usr/bin/grep -E'
EXEEXT=''
GREP='/usr/bin/grep'
LDFLAGS=''
LIBOBJS=''
LIBS='-lpthread '
LN_S='ln -s'
LTLIBOBJS=''
OBJEXT='o'
PACKAGE_BUGREPORT='strizhov@netsec.colostate.edu'
PACKAGE_NAME='Poller'
PACKAGE_STRING='Poller 0.1'
PACKAGE_TARNAME='poller'
PACKAGE_URL=''
PACKAGE_VERSION='0.1'
PATH_SEPARATOR=':'
RANLIB='ranlib'
SET_MAKE=''
SHELL='/bin/sh'
ac_ct_CC='gcc'
ac_ct_CXX='g++'
bindir='${exec_prefix}/bin'
build_alias=''
datadir='${datarootdir}'
datarootdir='${prefix}/share'
docdir='${datarootdir}/doc/${PACKAGE_TARNAME}'
dvidir='${docdir}'
exec_prefix='${prefix}'
host_alias=''
htmldir='${docdir}'
includedir='${prefix}/include'
infodir='${datarootdir}/info'
libdir='${exec_prefix}/lib'
libexecdir='${exec_prefix}/libexec'
localedir='${datarootdir}/locale'
localstatedir='${prefix}/var'
mandir='${datarootdir}/man'
oldincludedir='/usr/include'
pdfdir='${docdir}'
prefix='/usr/local'
program_transform_name='s,x,x,'
psdir='${docdir}'
sbindir='${exec_prefix}/sbin'
sharedstatedir='${prefix}/com'
sysconfdir='${prefix}/etc'
target_alias=''

## ----------- ##
## confdefs.h. ##
## ----------- ##

/* confdefs.h */
#define PACKAGE_NAME "Poller"
#define PACKAGE_TARNAME "poller"
#define PACKAGE_VERSION "0.1"
#define PACKAGE_STRING "Poller 0.1"
#define PACKAGE_BUGREPORT "strizhov@netsec.colostate.edu"
#define PACKAGE_URL ""
#define STDC_HEADERS 1
#define HAVE_SYS_TYPES_H 1
#define HAVE_SYS_STAT_H 1
#define HAVE_STDLIB_H 1
#define HAVE_STRING_H 1
#define HAVE_MEMORY_H 1
#define HAVE_STRINGS_H 1
#define HAVE_INTTYPES_H 1
#define HAVE_STDINT_H 1
#define HAVE_UNISTD_H 1
#define HAVE__BOOL 1
#define HAVE_STDBOOL_H 1
#define TIME_WITH_SYS_TIME 1
#define HAVE_ARPA_INET_H 1
#define HAVE_FCNTL_H 1
#define HAVE_LIMITS_H 1
#define HAVE_NETDB_H 1
#define HAVE_NETINET_IN_H 1
#define HAVE_STDDEF_H 1
#define HAVE_STDLIB_H 1
#define HAVE_STRING_H 1
#define HAVE_SYS_SOCKET_H 1
#define HAVE_SYS_TIME_H 1
#define HAVE_SYSLOG_H 1
#define HAVE_UNISTD_H 1
#define HAVE_STDINT_H 1
#define HAVE_STRING_H 1
#define TIME_WITH_SYS_TIME 1
#define HAVE__BOOL 1
#define HAVE_STDBOOL_H 1
#define HAVE_FORK 1
#define HAVE_VFORK 1
#define HAVE_WORKING_VFORK 1
#define HAVE_WORKING_FORK 1
#define HAVE_STDLIB_H 1
#define HAVE_MALLOC 1
#define HAVE_STDLIB_H 1
#define HAVE_REALLOC 1
#define HAVE_SYS_SELECT_H 1
#define HAVE_SYS_SOCKET_H 1
#define SELECT_TYPE_ARG1 int
#define SELECT_TYPE_ARG234 (fd_set *)
#define SELECT_TYPE_ARG5 (struct timeval *)
#define HAVE_STRFTIME 1
#define HAVE_VPRINTF 1
#define HAVE_MEMSET 1
#define HAVE_SETLOCALE 1
#define HAVE_SOCKET 1
#define HAVE_STRERROR 1
#define HAVE_LIBPTHREAD 1

configure: exit 0
